c:\users\sing\desktop\city u\inm378 digital signal processing and audio\submit\seng fai chan 160028271\source\opengltemplate\release\vc140.pdb
c:\users\sing\desktop\city u\inm378 digital signal processing and audio\submit\seng fai chan 160028271\source\opengltemplate\release\plane.obj
c:\users\sing\desktop\city u\inm378 digital signal processing and audio\submit\seng fai chan 160028271\source\opengltemplate\release\openassetimportmesh.obj
c:\users\sing\desktop\city u\inm378 digital signal processing and audio\submit\seng fai chan 160028271\source\opengltemplate\release\object.obj
c:\users\sing\desktop\city u\inm378 digital signal processing and audio\submit\seng fai chan 160028271\source\opengltemplate\release\matrixstack.obj
c:\users\sing\desktop\city u\inm378 digital signal processing and audio\submit\seng fai chan 160028271\source\opengltemplate\release\lighthouse.obj
c:\users\sing\desktop\city u\inm378 digital signal processing and audio\submit\seng fai chan 160028271\source\opengltemplate\release\light.obj
c:\users\sing\desktop\city u\inm378 digital signal processing and audio\submit\seng fai chan 160028271\source\opengltemplate\release\hudmanager.obj
c:\users\sing\desktop\city u\inm378 digital signal processing and audio\submit\seng fai chan 160028271\source\opengltemplate\release\hud.obj
c:\users\sing\desktop\city u\inm378 digital signal processing and audio\submit\seng fai chan 160028271\source\opengltemplate\release\highresolutiontimer.obj
c:\users\sing\desktop\city u\inm378 digital signal processing and audio\submit\seng fai chan 160028271\source\opengltemplate\release\gamewindow.obj
c:\users\sing\desktop\city u\inm378 digital signal processing and audio\submit\seng fai chan 160028271\source\opengltemplate\release\game.obj
c:\users\sing\desktop\city u\inm378 digital signal processing and audio\submit\seng fai chan 160028271\source\opengltemplate\release\freetypefont.obj
c:\users\sing\desktop\city u\inm378 digital signal processing and audio\submit\seng fai chan 160028271\source\opengltemplate\release\framebufferobject.obj
c:\users\sing\desktop\city u\inm378 digital signal processing and audio\submit\seng fai chan 160028271\source\opengltemplate\release\cubemap.obj
c:\users\sing\desktop\city u\inm378 digital signal processing and audio\submit\seng fai chan 160028271\source\opengltemplate\release\cube.obj
c:\users\sing\desktop\city u\inm378 digital signal processing and audio\submit\seng fai chan 160028271\source\opengltemplate\release\circularbuffer.obj
c:\users\sing\desktop\city u\inm378 digital signal processing and audio\submit\seng fai chan 160028271\source\opengltemplate\release\catmullrom.obj
c:\users\sing\desktop\city u\inm378 digital signal processing and audio\submit\seng fai chan 160028271\source\opengltemplate\release\camera.obj
c:\users\sing\desktop\city u\inm378 digital signal processing and audio\submit\seng fai chan 160028271\source\opengltemplate\release\audio.obj
c:\users\sing\desktop\city u\inm378 digital signal processing and audio\submit\seng fai chan 160028271\source\opengltemplate\release\actormanager.obj
c:\users\sing\desktop\city u\inm378 digital signal processing and audio\submit\seng fai chan 160028271\source\opengltemplate\release\vertexbufferobjectindexed.obj
c:\users\sing\desktop\city u\inm378 digital signal processing and audio\submit\seng fai chan 160028271\source\opengltemplate\release\vertexbufferobject.obj
c:\users\sing\desktop\city u\inm378 digital signal processing and audio\submit\seng fai chan 160028271\source\opengltemplate\release\texture.obj
c:\users\sing\desktop\city u\inm378 digital signal processing and audio\submit\seng fai chan 160028271\source\opengltemplate\release\sphere.obj
c:\users\sing\desktop\city u\inm378 digital signal processing and audio\submit\seng fai chan 160028271\source\opengltemplate\release\skybox.obj
c:\users\sing\desktop\city u\inm378 digital signal processing and audio\submit\seng fai chan 160028271\source\opengltemplate\release\shaders.obj
c:\users\sing\desktop\city u\inm378 digital signal processing and audio\submit\seng fai chan 160028271\source\opengltemplate\release\scenemanager.obj
c:\users\sing\desktop\city u\inm378 digital signal processing and audio\submit\seng fai chan 160028271\source\opengltemplate\release\actor.obj
c:\users\sing\desktop\city u\inm378 digital signal processing and audio\submit\seng fai chan 160028271\source\release\opengltemplate.exe
c:\users\sing\desktop\city u\inm378 digital signal processing and audio\submit\seng fai chan 160028271\source\release\opengltemplate.ipdb
c:\users\sing\desktop\city u\inm378 digital signal processing and audio\submit\seng fai chan 160028271\source\release\opengltemplate.iobj
c:\users\sing\desktop\city u\inm378 digital signal processing and audio\submit\seng fai chan 160028271\source\release\opengltemplate.pdb
c:\users\sing\desktop\city u\inm378 digital signal processing and audio\submit\seng fai chan 160028271\source\opengltemplate\release\opengltemplate.tlog\cl.command.1.tlog
c:\users\sing\desktop\city u\inm378 digital signal processing and audio\submit\seng fai chan 160028271\source\opengltemplate\release\opengltemplate.tlog\cl.read.1.tlog
c:\users\sing\desktop\city u\inm378 digital signal processing and audio\submit\seng fai chan 160028271\source\opengltemplate\release\opengltemplate.tlog\cl.write.1.tlog
c:\users\sing\desktop\city u\inm378 digital signal processing and audio\submit\seng fai chan 160028271\source\opengltemplate\release\opengltemplate.tlog\link.command.1.tlog
c:\users\sing\desktop\city u\inm378 digital signal processing and audio\submit\seng fai chan 160028271\source\opengltemplate\release\opengltemplate.tlog\link.read.1.tlog
c:\users\sing\desktop\city u\inm378 digital signal processing and audio\submit\seng fai chan 160028271\source\opengltemplate\release\opengltemplate.tlog\link.write.1.tlog
